Arguments: 
  C:\Program Files\nodejs\node.exe C:\Users\SIMON\AppData\Roaming\npm\node_modules\yarn\bin\yarn.js add --dev nodemon

PATH: 
  C:\WINDOWS\system32;C:\WINDOWS;C:\WINDOWS\System32\Wbem;C:\WINDOWS\System32\WindowsPowerShell\v1.0\;C:\WINDOWS\System32\OpenSSH\;C:\Program Files\Git\cmd;C:\Program Files\nodejs\;C:\Users\SIMON\AppData\Local\Microsoft\WindowsApps;;C:\Users\SIMON\AppData\Local\Programs\Microsoft VS Code\bin;C:\Users\SIMON\AppData\Roaming\npm

Yarn version: 
  1.22.10

Node version: 
  14.17.0

Platform: 
  win32 x64

Trace: 
  Error: Client network socket disconnected before secure TLS connection was established
      at connResetException (internal/errors.js:607:14)
      at TLSSocket.onConnectEnd (_tls_wrap.js:1554:19)
      at TLSSocket.emit (events.js:388:22)
      at endReadableNT (internal/streams/readable.js:1336:12)
      at processTicksAndRejections (internal/process/task_queues.js:82:21)

npm manifest: 
  {
    "name": "bankserver",
    "version": "1.0.0",
    "description": "a server for bank",
    "main": "index.js",
    "author": "simon",
    "license": "MIT"
  }

yarn manifest: 
  No manifest

Lockfile: 
  No lockfile
